<?xml version="1.0" encoding="UTF-8"?>
<testng-results skipped="0" failed="0" ignored="0" total="2" passed="2">
  <reporter-output>
  </reporter-output>
  <suite name="Default suite" duration-ms="24667" started-at="2020-05-18T14:28:44 IST" finished-at="2020-05-18T14:29:09 IST">
    <groups>
    </groups>
    <test name="Default test" duration-ms="24667" started-at="2020-05-18T14:28:44 IST" finished-at="2020-05-18T14:29:09 IST">
      <class name="com.extract.POMTest">
        <test-method status="PASS" signature="before_test()[pri:0, instance:com.extract.POMTest@6c49835d]" name="before_test" is-config="true" duration-ms="16250" started-at="2020-05-18T14:28:44 IST" finished-at="2020-05-18T14:29:00 IST">
          <reporter-output>
          </reporter-output>
        </test-method> <!-- before_test -->
        <test-method status="PASS" signature="extract_links()[pri:0, instance:com.extract.POMTest@6c49835d]" name="extract_links" duration-ms="4439" started-at="2020-05-18T14:29:01 IST" finished-at="2020-05-18T14:29:05 IST">
          <reporter-output>
          </reporter-output>
        </test-method> <!-- extract_links -->
        <test-method status="PASS" signature="extract_para()[pri:0, instance:com.extract.POMTest@6c49835d]" name="extract_para" duration-ms="2983" started-at="2020-05-18T14:29:05 IST" finished-at="2020-05-18T14:29:08 IST">
          <reporter-output>
          </reporter-output>
        </test-method> <!-- extract_para -->
        <test-method status="PASS" signature="after_test()[pri:0, instance:com.extract.POMTest@6c49835d]" name="after_test" is-config="true" duration-ms="859" started-at="2020-05-18T14:29:08 IST" finished-at="2020-05-18T14:29:09 IST">
          <reporter-output>
          </reporter-output>
        </test-method> <!-- after_test -->
      </class> <!-- com.extract.POMTest -->
    </test> <!-- Default test -->
  </suite> <!-- Default suite -->
</testng-results>
