<?xml version="1.0" encoding="UTF-8"?>
<!-- Generated by org.testng.reporters.JUnitXMLReporter -->
<testsuite hostname="T3J45" ignored="1" name="Default test" tests="1" failures="0" timestamp="2020-06-14T21:43:14 IST" time="13.743" errors="0">
  <testcase name="comparePDF" time="1.481" classname="com.compare.POMTest"/>
  <testcase name="downloadAndCompare" time="0.0" classname="com.compare.POMTest">
    <ignored/>
  </testcase> <!-- downloadAndCompare -->
</testsuite> <!-- Default test -->
