<?xml version="1.0" encoding="UTF-8"?>
<testng-results skipped="0" failed="0" ignored="1" total="2" passed="1">
  <reporter-output>
  </reporter-output>
  <suite name="Default suite" duration-ms="13743" started-at="2020-06-14T21:43:01 IST" finished-at="2020-06-14T21:43:14 IST">
    <groups>
    </groups>
    <test name="Default test" duration-ms="13743" started-at="2020-06-14T21:43:01 IST" finished-at="2020-06-14T21:43:14 IST">
      <class name="com.compare.POMTest">
        <test-method status="PASS" signature="beforeTest()[pri:0, instance:com.compare.POMTest@d44fc21]" name="beforeTest" is-config="true" duration-ms="11450" started-at="2020-06-14T21:43:01 IST" finished-at="2020-06-14T21:43:12 IST">
          <reporter-output>
          </reporter-output>
        </test-method> <!-- beforeTest -->
        <test-method status="PASS" signature="comparePDF()[pri:0, instance:com.compare.POMTest@d44fc21]" name="comparePDF" duration-ms="1481" started-at="2020-06-14T21:43:12 IST" finished-at="2020-06-14T21:43:14 IST">
          <reporter-output>
          </reporter-output>
        </test-method> <!-- comparePDF -->
        <test-method status="PASS" signature="afterTest()[pri:0, instance:com.compare.POMTest@d44fc21]" name="afterTest" is-config="true" duration-ms="762" started-at="2020-06-14T21:43:14 IST" finished-at="2020-06-14T21:43:14 IST">
          <reporter-output>
          </reporter-output>
        </test-method> <!-- afterTest -->
      </class> <!-- com.compare.POMTest -->
    </test> <!-- Default test -->
  </suite> <!-- Default suite -->
</testng-results>
